<?xml version="1.0" encoding="UTF-8"?>
<testng-results ignored="0" total="1" passed="0" failed="1" skipped="0">
  <reporter-output>
    <line>
      <![CDATA[Launching Browser]]>
    </line>
    <line>
      <![CDATA[TC is faile tc name is validateUID]]>
    </line>
  </reporter-output>
  <suite started-at="2022-07-04T13:40:48 IST" name="Default suite" finished-at="2022-07-04T13:41:03 IST" duration-ms="14739">
    <groups>
    </groups>
    <test started-at="2022-07-04T13:40:48 IST" name="Default test" finished-at="2022-07-04T13:41:03 IST" duration-ms="14739">
      <class name="KiteTest.KiteUIDvalidateDataFromPropertyFileUsingListener">
        <test-method is-config="true" signature="launchBrowser()[pri:0, instance:KiteTest.KiteUIDvalidateDataFromPropertyFileUsingListener@59505b48]" started-at="2022-07-04T13:40:48 IST" name="launchBrowser" finished-at="2022-07-04T13:40:58 IST" duration-ms="9208" status="PASS">
          <reporter-output>
            <line>
              <![CDATA[Launching Browser]]>
            </line>
          </reporter-output>
        </test-method> <!-- launchBrowser -->
        <test-method is-config="true" signature="loginKite()[pri:0, instance:KiteTest.KiteUIDvalidateDataFromPropertyFileUsingListener@59505b48]" started-at="2022-07-04T13:40:58 IST" name="loginKite" finished-at="2022-07-04T13:40:58 IST" duration-ms="641" status="PASS">
          <reporter-output>
          </reporter-output>
        </test-method> <!-- loginKite -->
        <test-method signature="validateUID()[pri:0, instance:KiteTest.KiteUIDvalidateDataFromPropertyFileUsingListener@59505b48]" started-at="2022-07-04T13:40:58 IST" name="validateUID" finished-at="2022-07-04T13:41:00 IST" duration-ms="1539" status="FAIL">
          <exception class="java.lang.AssertionError">
            <message>
              <![CDATA[null]]>
            </message>
            <full-stacktrace>
              <![CDATA[java.lang.AssertionError: null
at org.testng.Assert.fail(Assert.java:99)
at org.testng.Assert.fail(Assert.java:106)
at KiteTest.KiteUIDvalidateDataFromPropertyFileUsingListener.validateUID(KiteUIDvalidateDataFromPropertyFileUsingListener.java:55)
at java.base/jdk.internal.reflect.NativeMethodAccessorImpl.invoke0(Native Method)
at java.base/jdk.internal.reflect.NativeMethodAccessorImpl.invoke(NativeMethodAccessorImpl.java:62)
at java.base/jdk.internal.reflect.DelegatingMethodAccessorImpl.invoke(DelegatingMethodAccessorImpl.java:43)
at java.base/java.lang.reflect.Method.invoke(Method.java:566)
at org.testng.internal.MethodInvocationHelper.invokeMethod(MethodInvocationHelper.java:133)
at org.testng.internal.TestInvoker.invokeMethod(TestInvoker.java:598)
at org.testng.internal.TestInvoker.invokeTestMethod(TestInvoker.java:173)
at org.testng.internal.MethodRunner.runInSequence(MethodRunner.java:46)
at org.testng.internal.TestInvoker$MethodInvocationAgent.invoke(TestInvoker.java:824)
at org.testng.internal.TestInvoker.invokeTestMethods(TestInvoker.java:146)
at org.testng.internal.TestMethodWorker.invokeTestMethods(TestMethodWorker.java:146)
at org.testng.internal.TestMethodWorker.run(TestMethodWorker.java:128)
at java.base/java.util.ArrayList.forEach(ArrayList.java:1541)
at org.testng.TestRunner.privateRun(TestRunner.java:794)
at org.testng.TestRunner.run(TestRunner.java:596)
at org.testng.SuiteRunner.runTest(SuiteRunner.java:377)
at org.testng.SuiteRunner.runSequentially(SuiteRunner.java:371)
at org.testng.SuiteRunner.privateRun(SuiteRunner.java:332)
at org.testng.SuiteRunner.run(SuiteRunner.java:276)
at org.testng.SuiteRunnerWorker.runSuite(SuiteRunnerWorker.java:53)
at org.testng.SuiteRunnerWorker.run(SuiteRunnerWorker.java:96)
at org.testng.TestNG.runSuitesSequentially(TestNG.java:1212)
at org.testng.TestNG.runSuitesLocally(TestNG.java:1134)
at org.testng.TestNG.runSuites(TestNG.java:1063)
at org.testng.TestNG.run(TestNG.java:1031)
at org.testng.remote.AbstractRemoteTestNG.run(AbstractRemoteTestNG.java:115)
at org.testng.remote.RemoteTestNG.initAndRun(RemoteTestNG.java:251)
at org.testng.remote.RemoteTestNG.main(RemoteTestNG.java:77)
]]>
            </full-stacktrace>
          </exception> <!-- java.lang.AssertionError -->
          <reporter-output>
            <line>
              <![CDATA[TC is faile tc name is validateUID]]>
            </line>
          </reporter-output>
        </test-method> <!-- validateUID -->
        <test-method is-config="true" signature="logoutKite()[pri:0, instance:KiteTest.KiteUIDvalidateDataFromPropertyFileUsingListener@59505b48]" started-at="2022-07-04T13:41:01 IST" name="logoutKite" finished-at="2022-07-04T13:41:03 IST" duration-ms="2121" status="PASS">
          <reporter-output>
          </reporter-output>
        </test-method> <!-- logoutKite -->
        <test-method is-config="true" signature="closeBrowser()[pri:0, instance:KiteTest.KiteUIDvalidateDataFromPropertyFileUsingListener@59505b48]" started-at="2022-07-04T13:41:03 IST" name="closeBrowser" finished-at="2022-07-04T13:41:03 IST" duration-ms="381" status="PASS">
          <reporter-output>
          </reporter-output>
        </test-method> <!-- closeBrowser -->
      </class> <!-- KiteTest.KiteUIDvalidateDataFromPropertyFileUsingListener -->
    </test> <!-- Default test -->
  </suite> <!-- Default suite -->
</testng-results>
